<?xml version="1.0" encoding="UTF-8"?>
<!-- Generated by org.testng.reporters.JUnitXMLReporter -->
<testsuite ignored="0" hostname="LAPTOP-79L4EBQG" failures="2" tests="5" name="Login_Tests" time="207.349" errors="0" timestamp="2022-08-24T18:41:08 IST">
  <testcase classname="tests.AvailableLoads_Tests" name="Verify_BidSubmittedFromAvailableLoad" time="67.645">
    <failure type="org.openqa.selenium.ElementClickInterceptedException" message="element click intercepted: Element &amp;lt;tr _ngcontent-eox-c133=&amp;quot;&amp;quot; class=&amp;quot;viewed ng-star-inserted&amp;quot;&amp;gt;...&amp;lt;/tr&amp;gt; is not clickable at point (614, 269). Other element would receive the click: &amp;lt;span _ngcontent-eox-c133=&amp;quot;&amp;quot; class=&amp;quot;ng-star-inserted&amp;quot;&amp;gt;...&amp;lt;/span&amp;gt;
  (Session info: chrome=104.0.5112.81)
Build info: version: &amp;apos;4.1.4&amp;apos;, revision: &amp;apos;535d840ee2&amp;apos;
System info: host: &amp;apos;LAPTOP-79L4EBQG&amp;apos;, ip: &amp;apos;192.168.1.28&amp;apos;, os.name: &amp;apos;Windows 10&amp;apos;, os.arch: &amp;apos;amd64&amp;apos;, os.version: &amp;apos;10.0&amp;apos;, java.version: &amp;apos;15.0.2&amp;apos;
Driver info: org.openqa.selenium.chrome.ChromeDriver
Command: [c68ac35ef67154a825051d2c39273d12, clickElement {id=23306523-4d90-4422-927e-f052a4ba49a4}]
Capabilities {acceptInsecureCerts: false, browserName: chrome, browserVersion: 104.0.5112.81, chrome: {chromedriverVersion: 104.0.5112.79 (3cf3e8c8a07d..., userDataDir: C:\Users\devd0018\AppData\L...}, goog:chromeOptions: {debuggerAddress: localhost:57718}, javascriptEnabled: true, networkConnectionEnabled: false, pageLoadStrategy: normal, platform: WINDOWS, platformName: WINDOWS, proxy: Proxy(), se:cdp: ws://localhost:57718/devtoo..., se:cdpVersion: 104.0.5112.81, setWindowRect: true, strictFileInteractability: false, timeouts: {implicit: 0, pageLoad: 300000, script: 30000}, unhandledPromptBehavior: dismiss and notify, webauthn:extension:credBlob: true, webauthn:extension:largeBlob: true, webauthn:virtualAuthenticators: true}
Element: [[ChromeDriver: chrome on WINDOWS (c68ac35ef67154a825051d2c39273d12)] -&amp;gt; xpath: //*[@class=&amp;apos;viewed ng-star-inserted&amp;apos;][1]]
Session ID: c68ac35ef67154a825051d2c39273d12">
      <![CDATA[org.openqa.selenium.ElementClickInterceptedException: element click intercepted: Element <tr _ngcontent-eox-c133="" class="viewed ng-star-inserted">...</tr> is not clickable at point (614, 269). Other element would receive the click: <span _ngcontent-eox-c133="" class="ng-star-inserted">...</span>
  (Session info: chrome=104.0.5112.81)
Build info: version: '4.1.4', revision: '535d840ee2'
System info: host: 'LAPTOP-79L4EBQG', ip: '192.168.1.28', os.name: 'Windows 10', os.arch: 'amd64', os.version: '10.0', java.version: '15.0.2'
Driver info: org.openqa.selenium.chrome.ChromeDriver
Command: [c68ac35ef67154a825051d2c39273d12, clickElement {id=23306523-4d90-4422-927e-f052a4ba49a4}]
Capabilities {acceptInsecureCerts: false, browserName: chrome, browserVersion: 104.0.5112.81, chrome: {chromedriverVersion: 104.0.5112.79 (3cf3e8c8a07d..., userDataDir: C:\Users\devd0018\AppData\L...}, goog:chromeOptions: {debuggerAddress: localhost:57718}, javascriptEnabled: true, networkConnectionEnabled: false, pageLoadStrategy: normal, platform: WINDOWS, platformName: WINDOWS, proxy: Proxy(), se:cdp: ws://localhost:57718/devtoo..., se:cdpVersion: 104.0.5112.81, setWindowRect: true, strictFileInteractability: false, timeouts: {implicit: 0, pageLoad: 300000, script: 30000}, unhandledPromptBehavior: dismiss and notify, webauthn:extension:credBlob: true, webauthn:extension:largeBlob: true, webauthn:virtualAuthenticators: true}
Element: [[ChromeDriver: chrome on WINDOWS (c68ac35ef67154a825051d2c39273d12)] -> xpath: //*[@class='viewed ng-star-inserted'][1]]
Session ID: c68ac35ef67154a825051d2c39273d12
at org.openqa.selenium.remote.codec.w3c.W3CHttpResponseCodec.createException(W3CHttpResponseCodec.java:200)
at org.openqa.selenium.remote.codec.w3c.W3CHttpResponseCodec.decode(W3CHttpResponseCodec.java:133)
at org.openqa.selenium.remote.codec.w3c.W3CHttpResponseCodec.decode(W3CHttpResponseCodec.java:53)
at org.openqa.selenium.remote.HttpCommandExecutor.execute(HttpCommandExecutor.java:184)
at org.openqa.selenium.remote.service.DriverCommandExecutor.invokeExecute(DriverCommandExecutor.java:167)
at org.openqa.selenium.remote.service.DriverCommandExecutor.execute(DriverCommandExecutor.java:142)
at org.openqa.selenium.remote.RemoteWebDriver.execute(RemoteWebDriver.java:567)
at org.openqa.selenium.remote.RemoteWebElement.execute(RemoteWebElement.java:251)
at org.openqa.selenium.remote.RemoteWebElement.click(RemoteWebElement.java:77)
at pages.BasePage.click(BasePage.java:57)
at pages.AvailableLoads.raiseBid(AvailableLoads.java:38)
at builder.Home.VerifyBidSubmitted(Home.java:34)
at tests.AvailableLoads_Tests.Verify_BidSubmittedFromAvailableLoad(AvailableLoads_Tests.java:12)
at java.base/java.util.ArrayList.forEach(ArrayList.java:1511)
... Removed 32 stack frames]]>
    </failure>
  </testcase> <!-- Verify_BidSubmittedFromAvailableLoad -->
  <testcase classname="tests.AvailableLoads_Tests" name="Verify_InterestSubmittedFromAvailableLoad" time="3.877">
    <failure type="org.openqa.selenium.ElementClickInterceptedException" message="element click intercepted: Element &amp;lt;button id=&amp;quot;next&amp;quot; type=&amp;quot;submit&amp;quot; form=&amp;quot;localAccountForm&amp;quot;&amp;gt;...&amp;lt;/button&amp;gt; is not clickable at point (468, 438). Other element would receive the click: &amp;lt;h2 aria-level=&amp;quot;1&amp;quot;&amp;gt;...&amp;lt;/h2&amp;gt;
  (Session info: chrome=104.0.5112.81)
Build info: version: &amp;apos;4.1.4&amp;apos;, revision: &amp;apos;535d840ee2&amp;apos;
System info: host: &amp;apos;LAPTOP-79L4EBQG&amp;apos;, ip: &amp;apos;192.168.1.28&amp;apos;, os.name: &amp;apos;Windows 10&amp;apos;, os.arch: &amp;apos;amd64&amp;apos;, os.version: &amp;apos;10.0&amp;apos;, java.version: &amp;apos;15.0.2&amp;apos;
Driver info: org.openqa.selenium.chrome.ChromeDriver
Command: [6856ef353a50261e47325c5fae0be982, clickElement {id=55ab8d84-6c89-4f94-84c1-f04fb4f751cf}]
Capabilities {acceptInsecureCerts: false, browserName: chrome, browserVersion: 104.0.5112.81, chrome: {chromedriverVersion: 104.0.5112.79 (3cf3e8c8a07d..., userDataDir: C:\Users\devd0018\AppData\L...}, goog:chromeOptions: {debuggerAddress: localhost:57766}, javascriptEnabled: true, networkConnectionEnabled: false, pageLoadStrategy: normal, platform: WINDOWS, platformName: WINDOWS, proxy: Proxy(), se:cdp: ws://localhost:57766/devtoo..., se:cdpVersion: 104.0.5112.81, setWindowRect: true, strictFileInteractability: false, timeouts: {implicit: 0, pageLoad: 300000, script: 30000}, unhandledPromptBehavior: dismiss and notify, webauthn:extension:credBlob: true, webauthn:extension:largeBlob: true, webauthn:virtualAuthenticators: true}
Element: [[ChromeDriver: chrome on WINDOWS (6856ef353a50261e47325c5fae0be982)] -&amp;gt; xpath: //button[@id=&amp;quot;next&amp;quot;]]
Session ID: 6856ef353a50261e47325c5fae0be982">
      <![CDATA[org.openqa.selenium.ElementClickInterceptedException: element click intercepted: Element <button id="next" type="submit" form="localAccountForm">...</button> is not clickable at point (468, 438). Other element would receive the click: <h2 aria-level="1">...</h2>
  (Session info: chrome=104.0.5112.81)
Build info: version: '4.1.4', revision: '535d840ee2'
System info: host: 'LAPTOP-79L4EBQG', ip: '192.168.1.28', os.name: 'Windows 10', os.arch: 'amd64', os.version: '10.0', java.version: '15.0.2'
Driver info: org.openqa.selenium.chrome.ChromeDriver
Command: [6856ef353a50261e47325c5fae0be982, clickElement {id=55ab8d84-6c89-4f94-84c1-f04fb4f751cf}]
Capabilities {acceptInsecureCerts: false, browserName: chrome, browserVersion: 104.0.5112.81, chrome: {chromedriverVersion: 104.0.5112.79 (3cf3e8c8a07d..., userDataDir: C:\Users\devd0018\AppData\L...}, goog:chromeOptions: {debuggerAddress: localhost:57766}, javascriptEnabled: true, networkConnectionEnabled: false, pageLoadStrategy: normal, platform: WINDOWS, platformName: WINDOWS, proxy: Proxy(), se:cdp: ws://localhost:57766/devtoo..., se:cdpVersion: 104.0.5112.81, setWindowRect: true, strictFileInteractability: false, timeouts: {implicit: 0, pageLoad: 300000, script: 30000}, unhandledPromptBehavior: dismiss and notify, webauthn:extension:credBlob: true, webauthn:extension:largeBlob: true, webauthn:virtualAuthenticators: true}
Element: [[ChromeDriver: chrome on WINDOWS (6856ef353a50261e47325c5fae0be982)] -> xpath: //button[@id="next"]]
Session ID: 6856ef353a50261e47325c5fae0be982
at org.openqa.selenium.remote.codec.w3c.W3CHttpResponseCodec.createException(W3CHttpResponseCodec.java:200)
at org.openqa.selenium.remote.codec.w3c.W3CHttpResponseCodec.decode(W3CHttpResponseCodec.java:133)
at org.openqa.selenium.remote.codec.w3c.W3CHttpResponseCodec.decode(W3CHttpResponseCodec.java:53)
at org.openqa.selenium.remote.HttpCommandExecutor.execute(HttpCommandExecutor.java:184)
at org.openqa.selenium.remote.service.DriverCommandExecutor.invokeExecute(DriverCommandExecutor.java:167)
at org.openqa.selenium.remote.service.DriverCommandExecutor.execute(DriverCommandExecutor.java:142)
at org.openqa.selenium.remote.RemoteWebDriver.execute(RemoteWebDriver.java:567)
at org.openqa.selenium.remote.RemoteWebElement.execute(RemoteWebElement.java:251)
at org.openqa.selenium.remote.RemoteWebElement.click(RemoteWebElement.java:77)
at pages.BasePage.click(BasePage.java:57)
at pages.LoginPage.clickSignInButton(LoginPage.java:18)
at builder.Login.loginIntoApplication(Login.java:53)
at tests.AvailableLoads_Tests.Verify_InterestSubmittedFromAvailableLoad(AvailableLoads_Tests.java:19)
at java.base/java.util.ArrayList.forEach(ArrayList.java:1511)
... Removed 32 stack frames]]>
    </failure>
  </testcase> <!-- Verify_InterestSubmittedFromAvailableLoad -->
  <testcase classname="tests.Login_Tests" name="Verify_InvalidUser_NotAbleTo_Login" time="1.627"/>
  <testcase classname="tests.Login_Tests" name="Verify_User_AbleTo_Login_Successfully" time="35.047"/>
  <testcase classname="tests.Testcode" name="test" time="0.001"/>
</testsuite> <!-- Login_Tests -->
